<?xml version="1.0" encoding="UTF-8"?>
<!-- Generated by org.testng.reporters.JUnitReportReporter -->
<testsuite skipped="0" hostname="KI-LT-65" name="org.kizora.eCommerce_tc_4_Hybrid" tests="2" failures="0" timestamp="28 Nov 2022 15:23:57 GMT" time="73.354" errors="0">
  <testcase name="FillForm" time="37.082" classname="org.kizora.eCommerce_tc_4_Hybrid"/>
  <testcase name="FillForm" time="36.272" classname="org.kizora.eCommerce_tc_4_Hybrid"/>
</testsuite> <!-- org.kizora.eCommerce_tc_4_Hybrid -->
